{"E:\\Andela\\To-Do-API\\src\\index.ts": {"path":"E:\\Andela\\To-Do-API\\src\\index.ts","statementMap":{"0":{"start":{"line":1,"column":0},"end":{"line":1,"column":30}},"1":{"start":{"line":2,"column":0},"end":{"line":2,"column":24}},"2":{"start":{"line":3,"column":0},"end":{"line":3,"column":37}},"3":{"start":{"line":4,"column":0},"end":{"line":4,"column":41}},"4":{"start":{"line":5,"column":0},"end":{"line":5,"column":38}},"5":{"start":{"line":6,"column":0},"end":{"line":6,"column":24}},"6":{"start":{"line":8,"column":0},"end":{"line":8,"column":30}},"7":{"start":{"line":9,"column":0},"end":{"line":9,"column":32}},"8":{"start":{"line":11,"column":12},"end":{"line":11,"column":21}},"9":{"start":{"line":13,"column":0},"end":{"line":15,"column":4}},"10":{"start":{"line":17,"column":0},"end":{"line":17,"column":23}},"11":{"start":{"line":18,"column":0},"end":{"line":18,"column":24}},"12":{"start":{"line":19,"column":0},"end":{"line":19,"column":27}},"13":{"start":{"line":21,"column":15},"end":{"line":21,"column":37}},"14":{"start":{"line":23,"column":0},"end":{"line":25,"column":3}},"15":{"start":{"line":24,"column":2},"end":{"line":24,"column":58}},"16":{"start":{"line":27,"column":18},"end":{"line":27,"column":118}},"17":{"start":{"line":28,"column":0},"end":{"line":28,"column":27}},"18":{"start":{"line":29,"column":0},"end":{"line":29,"column":28}},"19":{"start":{"line":30,"column":0},"end":{"line":30,"column":70}},"20":{"start":{"line":30,"column":50},"end":{"line":30,"column":68}},"21":{"start":{"line":32,"column":0},"end":{"line":32,"column":23}}},"fnMap":{"0":{"name":"(anonymous_1)","decl":{"start":{"line":23,"column":20},"end":{"line":23,"column":23}},"loc":{"start":{"line":23,"column":25},"end":{"line":25,"column":1}}},"1":{"name":"(anonymous_2)","decl":{"start":{"line":30,"column":32},"end":{"line":30,"column":33}},"loc":{"start":{"line":30,"column":50},"end":{"line":30,"column":68}}}},"branchMap":{},"s":{"0":0,"1":0,"2":0,"3":0,"4":0,"5":0,"6":0,"7":0,"8":0,"9":0,"10":0,"11":0,"12":0,"13":0,"14":0,"15":0,"16":0,"17":0,"18":0,"19":0,"20":0,"21":0},"f":{"0":0,"1":0},"b":{}}
,"E:\\Andela\\To-Do-API\\src\\controllers\\authentication.ts": {"path":"E:\\Andela\\To-Do-API\\src\\controllers\\authentication.ts","statementMap":{"0":{"start":{"line":2,"column":0},"end":{"line":2,"column":57}},"1":{"start":{"line":3,"column":0},"end":{"line":3,"column":52}},"2":{"start":{"line":4,"column":0},"end":{"line":4,"column":31}},"3":{"start":{"line":6,"column":21},"end":{"line":9,"column":1}},"4":{"start":{"line":7,"column":21},"end":{"line":7,"column":49}},"5":{"start":{"line":8,"column":2},"end":{"line":8,"column":32}},"6":{"start":{"line":11,"column":24},"end":{"line":14,"column":1}},"7":{"start":{"line":12,"column":24},"end":{"line":12,"column":65}},"8":{"start":{"line":13,"column":2},"end":{"line":13,"column":38}},"9":{"start":{"line":16,"column":21},"end":{"line":41,"column":2}},"10":{"start":{"line":16,"column":75},"end":{"line":41,"column":2}},"11":{"start":{"line":17,"column":2},"end":{"line":40,"column":3}},"12":{"start":{"line":18,"column":32},"end":{"line":18,"column":40}},"13":{"start":{"line":19,"column":4},"end":{"line":21,"column":5}},"14":{"start":{"line":20,"column":6},"end":{"line":20,"column":81}},"15":{"start":{"line":22,"column":17},"end":{"line":22,"column":100}},"16":{"start":{"line":23,"column":4},"end":{"line":25,"column":5}},"17":{"start":{"line":24,"column":6},"end":{"line":24,"column":75}},"18":{"start":{"line":26,"column":47},"end":{"line":26,"column":66}},"19":{"start":{"line":27,"column":4},"end":{"line":29,"column":5}},"20":{"start":{"line":28,"column":6},"end":{"line":28,"column":75}},"21":{"start":{"line":30,"column":25},"end":{"line":30,"column":55}},"22":{"start":{"line":31,"column":4},"end":{"line":33,"column":5}},"23":{"start":{"line":32,"column":6},"end":{"line":32,"column":75}},"24":{"start":{"line":34,"column":18},"end":{"line":34,"column":88}},"25":{"start":{"line":35,"column":4},"end":{"line":35,"column":87}},"26":{"start":{"line":36,"column":4},"end":{"line":36,"column":111}},"27":{"start":{"line":38,"column":4},"end":{"line":38,"column":25}},"28":{"start":{"line":39,"column":4},"end":{"line":39,"column":95}},"29":{"start":{"line":16,"column":13},"end":{"line":16,"column":21}},"30":{"start":{"line":43,"column":24},"end":{"line":74,"column":2}},"31":{"start":{"line":43,"column":78},"end":{"line":74,"column":2}},"32":{"start":{"line":44,"column":2},"end":{"line":73,"column":3}},"33":{"start":{"line":45,"column":42},"end":{"line":45,"column":50}},"34":{"start":{"line":46,"column":4},"end":{"line":48,"column":5}},"35":{"start":{"line":47,"column":6},"end":{"line":47,"column":70}},"36":{"start":{"line":49,"column":4},"end":{"line":51,"column":5}},"37":{"start":{"line":50,"column":6},"end":{"line":50,"column":140}},"38":{"start":{"line":52,"column":4},"end":{"line":54,"column":5}},"39":{"start":{"line":53,"column":6},"end":{"line":53,"column":93}},"40":{"start":{"line":55,"column":25},"end":{"line":55,"column":52}},"41":{"start":{"line":56,"column":4},"end":{"line":58,"column":5}},"42":{"start":{"line":57,"column":6},"end":{"line":57,"column":85}},"43":{"start":{"line":59,"column":17},"end":{"line":59,"column":25}},"44":{"start":{"line":60,"column":20},"end":{"line":67,"column":6}},"45":{"start":{"line":68,"column":18},"end":{"line":68,"column":91}},"46":{"start":{"line":69,"column":4},"end":{"line":69,"column":120}},"47":{"start":{"line":71,"column":4},"end":{"line":71,"column":25}},"48":{"start":{"line":72,"column":4},"end":{"line":72,"column":95}},"49":{"start":{"line":43,"column":13},"end":{"line":43,"column":24}}},"fnMap":{"0":{"name":"(anonymous_8)","decl":{"start":{"line":6,"column":21},"end":{"line":6,"column":22}},"loc":{"start":{"line":6,"column":48},"end":{"line":9,"column":1}}},"1":{"name":"(anonymous_9)","decl":{"start":{"line":11,"column":24},"end":{"line":11,"column":25}},"loc":{"start":{"line":11,"column":54},"end":{"line":14,"column":1}}},"2":{"name":"(anonymous_10)","decl":{"start":{"line":16,"column":21},"end":{"line":16,"column":28}},"loc":{"start":{"line":16,"column":75},"end":{"line":41,"column":2}}},"3":{"name":"(anonymous_11)","decl":{"start":{"line":16,"column":75},"end":{"line":16,"column":null}},"loc":{"start":{"line":16,"column":75},"end":{"line":41,"column":1}}},"4":{"name":"(anonymous_12)","decl":{"start":{"line":43,"column":24},"end":{"line":43,"column":31}},"loc":{"start":{"line":43,"column":78},"end":{"line":74,"column":2}}},"5":{"name":"(anonymous_13)","decl":{"start":{"line":43,"column":78},"end":{"line":43,"column":null}},"loc":{"start":{"line":43,"column":78},"end":{"line":74,"column":1}}}},"branchMap":{"0":{"loc":{"start":{"line":19,"column":4},"end":{"line":21,"column":5}},"type":"if","locations":[{"start":{"line":19,"column":4},"end":{"line":21,"column":5}}]},"1":{"loc":{"start":{"line":19,"column":8},"end":{"line":19,"column":27}},"type":"binary-expr","locations":[{"start":{"line":19,"column":8},"end":{"line":19,"column":14}},{"start":{"line":19,"column":18},"end":{"line":19,"column":27}}]},"2":{"loc":{"start":{"line":23,"column":4},"end":{"line":25,"column":5}},"type":"if","locations":[{"start":{"line":23,"column":4},"end":{"line":25,"column":5}}]},"3":{"loc":{"start":{"line":23,"column":8},"end":{"line":23,"column":37}},"type":"binary-expr","locations":[{"start":{"line":23,"column":8},"end":{"line":23,"column":13}},{"start":{"line":23,"column":17},"end":{"line":23,"column":37}}]},"4":{"loc":{"start":{"line":27,"column":4},"end":{"line":29,"column":5}},"type":"if","locations":[{"start":{"line":27,"column":4},"end":{"line":29,"column":5}}]},"5":{"loc":{"start":{"line":27,"column":8},"end":{"line":27,"column":32}},"type":"binary-expr","locations":[{"start":{"line":27,"column":8},"end":{"line":27,"column":13}},{"start":{"line":27,"column":17},"end":{"line":27,"column":32}}]},"6":{"loc":{"start":{"line":31,"column":4},"end":{"line":33,"column":5}},"type":"if","locations":[{"start":{"line":31,"column":4},"end":{"line":33,"column":5}}]},"7":{"loc":{"start":{"line":46,"column":4},"end":{"line":48,"column":5}},"type":"if","locations":[{"start":{"line":46,"column":4},"end":{"line":48,"column":5}}]},"8":{"loc":{"start":{"line":49,"column":4},"end":{"line":51,"column":5}},"type":"if","locations":[{"start":{"line":49,"column":4},"end":{"line":51,"column":5}}]},"9":{"loc":{"start":{"line":52,"column":4},"end":{"line":54,"column":5}},"type":"if","locations":[{"start":{"line":52,"column":4},"end":{"line":54,"column":5}}]},"10":{"loc":{"start":{"line":56,"column":4},"end":{"line":58,"column":5}},"type":"if","locations":[{"start":{"line":56,"column":4},"end":{"line":58,"column":5}}]}},"s":{"0":0,"1":0,"2":0,"3":0,"4":0,"5":0,"6":0,"7":0,"8":0,"9":0,"10":0,"11":0,"12":0,"13":0,"14":0,"15":0,"16":0,"17":0,"18":0,"19":0,"20":0,"21":0,"22":0,"23":0,"24":0,"25":0,"26":0,"27":0,"28":0,"29":0,"30":0,"31":0,"32":0,"33":0,"34":0,"35":0,"36":0,"37":0,"38":0,"39":0,"40":0,"41":0,"42":0,"43":0,"44":0,"45":0,"46":0,"47":0,"48":0,"49":0},"f":{"0":0,"1":0,"2":0,"3":0,"4":0,"5":0},"b":{"0":[0],"1":[0,0],"2":[0],"3":[0,0],"4":[0],"5":[0,0],"6":[0],"7":[0],"8":[0],"9":[0],"10":[0]}}
,"E:\\Andela\\To-Do-API\\src\\controllers\\todoControllers.ts": {"path":"E:\\Andela\\To-Do-API\\src\\controllers\\todoControllers.ts","statementMap":{"0":{"start":{"line":2,"column":0},"end":{"line":2,"column":39}},"1":{"start":{"line":8,"column":26},"end":{"line":19,"column":2}},"2":{"start":{"line":8,"column":85},"end":{"line":19,"column":2}},"3":{"start":{"line":9,"column":4},"end":{"line":18,"column":5}},"4":{"start":{"line":10,"column":30},"end":{"line":10,"column":38}},"5":{"start":{"line":11,"column":21},"end":{"line":11,"column":31}},"6":{"start":{"line":12,"column":19},"end":{"line":12,"column":66}},"7":{"start":{"line":14,"column":6},"end":{"line":14,"column":40}},"8":{"start":{"line":16,"column":6},"end":{"line":16,"column":27}},"9":{"start":{"line":17,"column":6},"end":{"line":17,"column":33}},"10":{"start":{"line":8,"column":13},"end":{"line":8,"column":26}},"11":{"start":{"line":20,"column":24},"end":{"line":29,"column":4}},"12":{"start":{"line":20,"column":83},"end":{"line":29,"column":4}},"13":{"start":{"line":21,"column":4},"end":{"line":28,"column":5}},"14":{"start":{"line":22,"column":21},"end":{"line":22,"column":31}},"15":{"start":{"line":23,"column":20},"end":{"line":23,"column":52}},"16":{"start":{"line":24,"column":6},"end":{"line":24,"column":29}},"17":{"start":{"line":26,"column":6},"end":{"line":26,"column":27}},"18":{"start":{"line":27,"column":6},"end":{"line":27,"column":33}},"19":{"start":{"line":20,"column":13},"end":{"line":20,"column":24}},"20":{"start":{"line":30,"column":26},"end":{"line":44,"column":2}},"21":{"start":{"line":30,"column":80},"end":{"line":44,"column":2}},"22":{"start":{"line":31,"column":2},"end":{"line":43,"column":3}},"23":{"start":{"line":32,"column":19},"end":{"line":32,"column":29}},"24":{"start":{"line":33,"column":39},"end":{"line":33,"column":47}},"25":{"start":{"line":34,"column":24},"end":{"line":34,"column":104}},"26":{"start":{"line":36,"column":4},"end":{"line":38,"column":5}},"27":{"start":{"line":37,"column":6},"end":{"line":37,"column":65}},"28":{"start":{"line":39,"column":4},"end":{"line":39,"column":45}},"29":{"start":{"line":41,"column":4},"end":{"line":41,"column":25}},"30":{"start":{"line":42,"column":4},"end":{"line":42,"column":31}},"31":{"start":{"line":30,"column":13},"end":{"line":30,"column":26}},"32":{"start":{"line":46,"column":26},"end":{"line":59,"column":2}},"33":{"start":{"line":46,"column":80},"end":{"line":59,"column":2}},"34":{"start":{"line":47,"column":2},"end":{"line":58,"column":3}},"35":{"start":{"line":48,"column":19},"end":{"line":48,"column":29}},"36":{"start":{"line":49,"column":24},"end":{"line":49,"column":61}},"37":{"start":{"line":50,"column":4},"end":{"line":52,"column":5}},"38":{"start":{"line":51,"column":6},"end":{"line":51,"column":65}},"39":{"start":{"line":54,"column":4},"end":{"line":54,"column":45}},"40":{"start":{"line":56,"column":4},"end":{"line":56,"column":25}},"41":{"start":{"line":57,"column":4},"end":{"line":57,"column":31}},"42":{"start":{"line":46,"column":13},"end":{"line":46,"column":26}},"43":{"start":{"line":60,"column":31},"end":{"line":74,"column":2}},"44":{"start":{"line":60,"column":85},"end":{"line":74,"column":2}},"45":{"start":{"line":61,"column":2},"end":{"line":73,"column":3}},"46":{"start":{"line":62,"column":19},"end":{"line":62,"column":29}},"47":{"start":{"line":64,"column":24},"end":{"line":64,"column":97}},"48":{"start":{"line":66,"column":4},"end":{"line":68,"column":5}},"49":{"start":{"line":67,"column":6},"end":{"line":67,"column":65}},"50":{"start":{"line":69,"column":4},"end":{"line":69,"column":45}},"51":{"start":{"line":71,"column":4},"end":{"line":71,"column":25}},"52":{"start":{"line":72,"column":4},"end":{"line":72,"column":31}},"53":{"start":{"line":60,"column":13},"end":{"line":60,"column":31}}},"fnMap":{"0":{"name":"(anonymous_7)","decl":{"start":{"line":8,"column":26},"end":{"line":8,"column":33}},"loc":{"start":{"line":8,"column":85},"end":{"line":19,"column":2}}},"1":{"name":"(anonymous_8)","decl":{"start":{"line":8,"column":85},"end":{"line":8,"column":null}},"loc":{"start":{"line":8,"column":85},"end":{"line":19,"column":1}}},"2":{"name":"(anonymous_9)","decl":{"start":{"line":20,"column":24},"end":{"line":20,"column":31}},"loc":{"start":{"line":20,"column":83},"end":{"line":29,"column":4}}},"3":{"name":"(anonymous_10)","decl":{"start":{"line":20,"column":83},"end":{"line":20,"column":null}},"loc":{"start":{"line":20,"column":83},"end":{"line":29,"column":3}}},"4":{"name":"(anonymous_11)","decl":{"start":{"line":30,"column":26},"end":{"line":30,"column":33}},"loc":{"start":{"line":30,"column":80},"end":{"line":44,"column":2}}},"5":{"name":"(anonymous_12)","decl":{"start":{"line":30,"column":80},"end":{"line":30,"column":null}},"loc":{"start":{"line":30,"column":80},"end":{"line":44,"column":1}}},"6":{"name":"(anonymous_13)","decl":{"start":{"line":46,"column":26},"end":{"line":46,"column":33}},"loc":{"start":{"line":46,"column":80},"end":{"line":59,"column":2}}},"7":{"name":"(anonymous_14)","decl":{"start":{"line":46,"column":80},"end":{"line":46,"column":null}},"loc":{"start":{"line":46,"column":80},"end":{"line":59,"column":1}}},"8":{"name":"(anonymous_15)","decl":{"start":{"line":60,"column":31},"end":{"line":60,"column":38}},"loc":{"start":{"line":60,"column":85},"end":{"line":74,"column":2}}},"9":{"name":"(anonymous_16)","decl":{"start":{"line":60,"column":85},"end":{"line":60,"column":null}},"loc":{"start":{"line":60,"column":85},"end":{"line":74,"column":1}}}},"branchMap":{"0":{"loc":{"start":{"line":36,"column":4},"end":{"line":38,"column":5}},"type":"if","locations":[{"start":{"line":36,"column":4},"end":{"line":38,"column":5}}]},"1":{"loc":{"start":{"line":50,"column":4},"end":{"line":52,"column":5}},"type":"if","locations":[{"start":{"line":50,"column":4},"end":{"line":52,"column":5}}]},"2":{"loc":{"start":{"line":66,"column":4},"end":{"line":68,"column":5}},"type":"if","locations":[{"start":{"line":66,"column":4},"end":{"line":68,"column":5}}]}},"s":{"0":1,"1":1,"2":0,"3":0,"4":0,"5":0,"6":0,"7":0,"8":0,"9":0,"10":1,"11":1,"12":0,"13":0,"14":0,"15":0,"16":0,"17":0,"18":0,"19":1,"20":1,"21":0,"22":0,"23":0,"24":0,"25":0,"26":0,"27":0,"28":0,"29":0,"30":0,"31":1,"32":1,"33":0,"34":0,"35":0,"36":0,"37":0,"38":0,"39":0,"40":0,"41":0,"42":1,"43":1,"44":0,"45":0,"46":0,"47":0,"48":0,"49":0,"50":0,"51":0,"52":0,"53":1},"f":{"0":0,"1":0,"2":0,"3":0,"4":0,"5":0,"6":0,"7":0,"8":0,"9":0},"b":{"0":[0],"1":[0],"2":[0]}}
,"E:\\Andela\\To-Do-API\\src\\controllers\\users.ts": {"path":"E:\\Andela\\To-Do-API\\src\\controllers\\users.ts","statementMap":{"0":{"start":{"line":3,"column":0},"end":{"line":3,"column":68}},"1":{"start":{"line":5,"column":27},"end":{"line":14,"column":2}},"2":{"start":{"line":5,"column":81},"end":{"line":14,"column":2}},"3":{"start":{"line":6,"column":2},"end":{"line":13,"column":3}},"4":{"start":{"line":7,"column":18},"end":{"line":7,"column":34}},"5":{"start":{"line":9,"column":4},"end":{"line":9,"column":39}},"6":{"start":{"line":11,"column":4},"end":{"line":11,"column":23}},"7":{"start":{"line":12,"column":4},"end":{"line":12,"column":31}},"8":{"start":{"line":5,"column":13},"end":{"line":5,"column":27}},"9":{"start":{"line":15,"column":26},"end":{"line":26,"column":null}},"10":{"start":{"line":15,"column":80},"end":{"line":26,"column":null}},"11":{"start":{"line":16,"column":2},"end":{"line":25,"column":3}},"12":{"start":{"line":17,"column":19},"end":{"line":17,"column":29}},"13":{"start":{"line":19,"column":24},"end":{"line":19,"column":48}},"14":{"start":{"line":21,"column":4},"end":{"line":21,"column":33}},"15":{"start":{"line":23,"column":4},"end":{"line":23,"column":23}},"16":{"start":{"line":24,"column":4},"end":{"line":24,"column":31}},"17":{"start":{"line":15,"column":13},"end":{"line":15,"column":26}},"18":{"start":{"line":27,"column":26},"end":{"line":51,"column":null}},"19":{"start":{"line":27,"column":80},"end":{"line":51,"column":null}},"20":{"start":{"line":28,"column":2},"end":{"line":50,"column":3}},"21":{"start":{"line":29,"column":19},"end":{"line":29,"column":29}},"22":{"start":{"line":30,"column":32},"end":{"line":30,"column":40}},"23":{"start":{"line":32,"column":4},"end":{"line":34,"column":5}},"24":{"start":{"line":33,"column":6},"end":{"line":33,"column":33}},"25":{"start":{"line":36,"column":17},"end":{"line":36,"column":38}},"26":{"start":{"line":38,"column":4},"end":{"line":40,"column":5}},"27":{"start":{"line":39,"column":6},"end":{"line":39,"column":65}},"28":{"start":{"line":42,"column":4},"end":{"line":42,"column":29}},"29":{"start":{"line":43,"column":4},"end":{"line":43,"column":23}},"30":{"start":{"line":44,"column":4},"end":{"line":44,"column":22}},"31":{"start":{"line":46,"column":4},"end":{"line":46,"column":38}},"32":{"start":{"line":48,"column":4},"end":{"line":48,"column":23}},"33":{"start":{"line":49,"column":4},"end":{"line":49,"column":31}},"34":{"start":{"line":27,"column":13},"end":{"line":27,"column":26}}},"fnMap":{"0":{"name":"(anonymous_7)","decl":{"start":{"line":5,"column":27},"end":{"line":5,"column":34}},"loc":{"start":{"line":5,"column":81},"end":{"line":14,"column":2}}},"1":{"name":"(anonymous_8)","decl":{"start":{"line":5,"column":81},"end":{"line":5,"column":null}},"loc":{"start":{"line":5,"column":81},"end":{"line":14,"column":1}}},"2":{"name":"(anonymous_9)","decl":{"start":{"line":15,"column":26},"end":{"line":15,"column":33}},"loc":{"start":{"line":15,"column":80},"end":{"line":26,"column":null}}},"3":{"name":"(anonymous_10)","decl":{"start":{"line":15,"column":80},"end":{"line":15,"column":null}},"loc":{"start":{"line":15,"column":80},"end":{"line":26,"column":1}}},"4":{"name":"(anonymous_11)","decl":{"start":{"line":27,"column":26},"end":{"line":27,"column":33}},"loc":{"start":{"line":27,"column":80},"end":{"line":51,"column":null}}},"5":{"name":"(anonymous_12)","decl":{"start":{"line":27,"column":80},"end":{"line":27,"column":null}},"loc":{"start":{"line":27,"column":80},"end":{"line":51,"column":1}}}},"branchMap":{"0":{"loc":{"start":{"line":32,"column":4},"end":{"line":34,"column":5}},"type":"if","locations":[{"start":{"line":32,"column":4},"end":{"line":34,"column":5}}]},"1":{"loc":{"start":{"line":32,"column":8},"end":{"line":32,"column":27}},"type":"binary-expr","locations":[{"start":{"line":32,"column":8},"end":{"line":32,"column":17}},{"start":{"line":32,"column":21},"end":{"line":32,"column":27}}]},"2":{"loc":{"start":{"line":38,"column":4},"end":{"line":40,"column":5}},"type":"if","locations":[{"start":{"line":38,"column":4},"end":{"line":40,"column":5}}]}},"s":{"0":1,"1":1,"2":0,"3":0,"4":0,"5":0,"6":0,"7":0,"8":1,"9":1,"10":0,"11":0,"12":0,"13":0,"14":0,"15":0,"16":0,"17":1,"18":1,"19":0,"20":0,"21":0,"22":0,"23":0,"24":0,"25":0,"26":0,"27":0,"28":0,"29":0,"30":0,"31":0,"32":0,"33":0,"34":1},"f":{"0":0,"1":0,"2":0,"3":0,"4":0,"5":0},"b":{"0":[0],"1":[0,0],"2":[0]}}
,"E:\\Andela\\To-Do-API\\src\\db\\todo.ts": {"path":"E:\\Andela\\To-Do-API\\src\\db\\todo.ts","statementMap":{"0":{"start":{"line":1,"column":0},"end":{"line":1,"column":53}},"1":{"start":{"line":10,"column":19},"end":{"line":15,"column":2}},"2":{"start":{"line":17,"column":13},"end":{"line":17,"column":77}}},"fnMap":{},"branchMap":{},"s":{"0":1,"1":1,"2":1},"f":{},"b":{}}
,"E:\\Andela\\To-Do-API\\src\\db\\users.ts": {"path":"E:\\Andela\\To-Do-API\\src\\db\\users.ts","statementMap":{"0":{"start":{"line":1,"column":0},"end":{"line":1,"column":32}},"1":{"start":{"line":4,"column":19},"end":{"line":12,"column":2}},"2":{"start":{"line":14,"column":13},"end":{"line":14,"column":60}},"3":{"start":{"line":17,"column":24},"end":{"line":17,"column":46}},"4":{"start":{"line":17,"column":30},"end":{"line":17,"column":46}},"5":{"start":{"line":17,"column":13},"end":{"line":17,"column":24}},"6":{"start":{"line":18,"column":30},"end":{"line":18,"column":77}},"7":{"start":{"line":18,"column":49},"end":{"line":18,"column":77}},"8":{"start":{"line":18,"column":13},"end":{"line":18,"column":30}},"9":{"start":{"line":19,"column":37},"end":{"line":19,"column":129}},"10":{"start":{"line":19,"column":63},"end":{"line":19,"column":129}},"11":{"start":{"line":19,"column":13},"end":{"line":19,"column":37}},"12":{"start":{"line":20,"column":27},"end":{"line":20,"column":65}},"13":{"start":{"line":20,"column":43},"end":{"line":20,"column":65}},"14":{"start":{"line":20,"column":13},"end":{"line":20,"column":27}},"15":{"start":{"line":21,"column":26},"end":{"line":21,"column":119}},"16":{"start":{"line":21,"column":59},"end":{"line":21,"column":119}},"17":{"start":{"line":21,"column":103},"end":{"line":21,"column":118}},"18":{"start":{"line":21,"column":13},"end":{"line":21,"column":26}},"19":{"start":{"line":22,"column":30},"end":{"line":22,"column":85}},"20":{"start":{"line":22,"column":46},"end":{"line":22,"column":85}},"21":{"start":{"line":22,"column":13},"end":{"line":22,"column":30}},"22":{"start":{"line":23,"column":30},"end":{"line":23,"column":114}},"23":{"start":{"line":23,"column":75},"end":{"line":23,"column":114}},"24":{"start":{"line":23,"column":13},"end":{"line":23,"column":30}}},"fnMap":{"0":{"name":"(anonymous_1)","decl":{"start":{"line":17,"column":24},"end":{"line":17,"column":27}},"loc":{"start":{"line":17,"column":30},"end":{"line":17,"column":46}}},"1":{"name":"(anonymous_2)","decl":{"start":{"line":18,"column":30},"end":{"line":18,"column":31}},"loc":{"start":{"line":18,"column":49},"end":{"line":18,"column":77}}},"2":{"name":"(anonymous_3)","decl":{"start":{"line":19,"column":37},"end":{"line":19,"column":38}},"loc":{"start":{"line":19,"column":63},"end":{"line":19,"column":129}}},"3":{"name":"(anonymous_4)","decl":{"start":{"line":20,"column":27},"end":{"line":20,"column":28}},"loc":{"start":{"line":20,"column":43},"end":{"line":20,"column":65}}},"4":{"name":"(anonymous_5)","decl":{"start":{"line":21,"column":26},"end":{"line":21,"column":27}},"loc":{"start":{"line":21,"column":59},"end":{"line":21,"column":119}}},"5":{"name":"(anonymous_6)","decl":{"start":{"line":21,"column":93},"end":{"line":21,"column":94}},"loc":{"start":{"line":21,"column":103},"end":{"line":21,"column":118}}},"6":{"name":"(anonymous_7)","decl":{"start":{"line":22,"column":30},"end":{"line":22,"column":31}},"loc":{"start":{"line":22,"column":46},"end":{"line":22,"column":85}}},"7":{"name":"(anonymous_8)","decl":{"start":{"line":23,"column":30},"end":{"line":23,"column":31}},"loc":{"start":{"line":23,"column":75},"end":{"line":23,"column":114}}}},"branchMap":{},"s":{"0":1,"1":1,"2":1,"3":1,"4":0,"5":1,"6":1,"7":0,"8":1,"9":1,"10":0,"11":1,"12":1,"13":0,"14":1,"15":1,"16":0,"17":0,"18":1,"19":1,"20":0,"21":1,"22":1,"23":0,"24":1},"f":{"0":0,"1":0,"2":0,"3":0,"4":0,"5":0,"6":0,"7":0},"b":{}}
,"E:\\Andela\\To-Do-API\\src\\helpers\\index.ts": {"path":"E:\\Andela\\To-Do-API\\src\\helpers\\index.ts","statementMap":{"0":{"start":{"line":1,"column":0},"end":{"line":1,"column":28}},"1":{"start":{"line":3,"column":15},"end":{"line":3,"column":30}},"2":{"start":{"line":5,"column":22},"end":{"line":5,"column":70}},"3":{"start":{"line":5,"column":28},"end":{"line":5,"column":70}},"4":{"start":{"line":5,"column":13},"end":{"line":5,"column":22}},"5":{"start":{"line":6,"column":30},"end":{"line":8,"column":1}},"6":{"start":{"line":7,"column":2},"end":{"line":7,"column":94}},"7":{"start":{"line":6,"column":13},"end":{"line":6,"column":30}}},"fnMap":{"0":{"name":"(anonymous_1)","decl":{"start":{"line":5,"column":22},"end":{"line":5,"column":25}},"loc":{"start":{"line":5,"column":28},"end":{"line":5,"column":70}}},"1":{"name":"(anonymous_2)","decl":{"start":{"line":6,"column":30},"end":{"line":6,"column":31}},"loc":{"start":{"line":6,"column":73},"end":{"line":8,"column":1}}}},"branchMap":{},"s":{"0":0,"1":0,"2":0,"3":0,"4":0,"5":0,"6":0,"7":0},"f":{"0":0,"1":0},"b":{}}
,"E:\\Andela\\To-Do-API\\src\\middlewares\\index.ts": {"path":"E:\\Andela\\To-Do-API\\src\\middlewares\\index.ts","statementMap":{"0":{"start":{"line":2,"column":0},"end":{"line":2,"column":31}},"1":{"start":{"line":3,"column":0},"end":{"line":3,"column":36}},"2":{"start":{"line":6,"column":19},"end":{"line":6,"column":56}},"3":{"start":{"line":12,"column":31},"end":{"line":31,"column":null}},"4":{"start":{"line":12,"column":113},"end":{"line":31,"column":null}},"5":{"start":{"line":13,"column":2},"end":{"line":30,"column":3}},"6":{"start":{"line":14,"column":18},"end":{"line":14,"column":80}},"7":{"start":{"line":16,"column":4},"end":{"line":18,"column":5}},"8":{"start":{"line":17,"column":6},"end":{"line":17,"column":33}},"9":{"start":{"line":21,"column":20},"end":{"line":21,"column":71}},"10":{"start":{"line":24,"column":4},"end":{"line":24,"column":54}},"11":{"start":{"line":26,"column":4},"end":{"line":26,"column":18}},"12":{"start":{"line":28,"column":4},"end":{"line":28,"column":23}},"13":{"start":{"line":29,"column":4},"end":{"line":29,"column":31}},"14":{"start":{"line":12,"column":13},"end":{"line":12,"column":31}},"15":{"start":{"line":32,"column":23},"end":{"line":50,"column":null}},"16":{"start":{"line":32,"column":105},"end":{"line":50,"column":null}},"17":{"start":{"line":33,"column":2},"end":{"line":49,"column":3}},"18":{"start":{"line":34,"column":19},"end":{"line":34,"column":29}},"19":{"start":{"line":35,"column":26},"end":{"line":35,"column":61}},"20":{"start":{"line":37,"column":4},"end":{"line":39,"column":5}},"21":{"start":{"line":38,"column":6},"end":{"line":38,"column":33}},"22":{"start":{"line":41,"column":4},"end":{"line":43,"column":5}},"23":{"start":{"line":42,"column":6},"end":{"line":42,"column":33}},"24":{"start":{"line":45,"column":4},"end":{"line":45,"column":11}},"25":{"start":{"line":47,"column":4},"end":{"line":47,"column":23}},"26":{"start":{"line":48,"column":4},"end":{"line":48,"column":31}},"27":{"start":{"line":32,"column":13},"end":{"line":32,"column":23}}},"fnMap":{"0":{"name":"(anonymous_8)","decl":{"start":{"line":12,"column":31},"end":{"line":12,"column":38}},"loc":{"start":{"line":12,"column":113},"end":{"line":31,"column":null}}},"1":{"name":"(anonymous_9)","decl":{"start":{"line":12,"column":113},"end":{"line":12,"column":null}},"loc":{"start":{"line":12,"column":113},"end":{"line":31,"column":1}}},"2":{"name":"(anonymous_10)","decl":{"start":{"line":32,"column":23},"end":{"line":32,"column":30}},"loc":{"start":{"line":32,"column":105},"end":{"line":50,"column":null}}},"3":{"name":"(anonymous_11)","decl":{"start":{"line":32,"column":105},"end":{"line":32,"column":null}},"loc":{"start":{"line":32,"column":105},"end":{"line":50,"column":1}}}},"branchMap":{"0":{"loc":{"start":{"line":14,"column":18},"end":{"line":14,"column":80}},"type":"binary-expr","locations":[{"start":{"line":14,"column":18},"end":{"line":14,"column":58}},{"start":{"line":14,"column":62},"end":{"line":14,"column":80}}]},"1":{"loc":{"start":{"line":14,"column":18},"end":{"line":14,"column":58}},"type":"cond-expr","locations":[{"start":{"line":14,"column":43},"end":{"line":14,"column":45}},{"start":{"line":14,"column":43},"end":{"line":14,"column":58}}]},"2":{"loc":{"start":{"line":14,"column":18},"end":{"line":14,"column":45}},"type":"binary-expr","locations":[{"start":{"line":14,"column":18},"end":{"line":14,"column":45}},{"start":{"line":14,"column":43},"end":{"line":14,"column":45}}]},"3":{"loc":{"start":{"line":16,"column":4},"end":{"line":18,"column":5}},"type":"if","locations":[{"start":{"line":16,"column":4},"end":{"line":18,"column":5}}]},"4":{"loc":{"start":{"line":37,"column":4},"end":{"line":39,"column":5}},"type":"if","locations":[{"start":{"line":37,"column":4},"end":{"line":39,"column":5}}]},"5":{"loc":{"start":{"line":41,"column":4},"end":{"line":43,"column":5}},"type":"if","locations":[{"start":{"line":41,"column":4},"end":{"line":43,"column":5}}]}},"s":{"0":2,"1":2,"2":2,"3":2,"4":6,"5":6,"6":6,"7":0,"8":0,"9":0,"10":0,"11":0,"12":6,"13":6,"14":2,"15":2,"16":0,"17":0,"18":0,"19":0,"20":0,"21":0,"22":0,"23":0,"24":0,"25":0,"26":0,"27":2},"f":{"0":6,"1":6,"2":0,"3":0},"b":{"0":[6,6],"1":[6,0],"2":[6,6],"3":[0],"4":[0],"5":[0]}}
,"E:\\Andela\\To-Do-API\\src\\router\\authentication.ts": {"path":"E:\\Andela\\To-Do-API\\src\\router\\authentication.ts","statementMap":{"0":{"start":{"line":3,"column":0},"end":{"line":3,"column":64}},"1":{"start":{"line":5,"column":0},"end":{"line":8,"column":2}},"2":{"start":{"line":6,"column":2},"end":{"line":6,"column":42}},"3":{"start":{"line":7,"column":2},"end":{"line":7,"column":36}}},"fnMap":{"0":{"name":"(anonymous_0)","decl":{"start":{"line":5,"column":15},"end":{"line":5,"column":16}},"loc":{"start":{"line":5,"column":42},"end":{"line":8,"column":1}}}},"branchMap":{},"s":{"0":0,"1":0,"2":0,"3":0},"f":{"0":0},"b":{}}
,"E:\\Andela\\To-Do-API\\src\\router\\index.ts": {"path":"E:\\Andela\\To-Do-API\\src\\router\\index.ts","statementMap":{"0":{"start":{"line":1,"column":0},"end":{"line":1,"column":30}},"1":{"start":{"line":3,"column":0},"end":{"line":3,"column":46}},"2":{"start":{"line":4,"column":0},"end":{"line":4,"column":28}},"3":{"start":{"line":7,"column":15},"end":{"line":7,"column":31}},"4":{"start":{"line":9,"column":0},"end":{"line":15,"column":2}},"5":{"start":{"line":10,"column":2},"end":{"line":10,"column":25}},"6":{"start":{"line":11,"column":2},"end":{"line":11,"column":null}},"7":{"start":{"line":14,"column":2},"end":{"line":14,"column":16}}},"fnMap":{"0":{"name":"(anonymous_1)","decl":{"start":{"line":9,"column":15},"end":{"line":9,"column":34}},"loc":{"start":{"line":9,"column":36},"end":{"line":15,"column":1}}}},"branchMap":{},"s":{"0":0,"1":0,"2":0,"3":0,"4":0,"5":0,"6":0,"7":0},"f":{"0":0},"b":{}}
,"E:\\Andela\\To-Do-API\\src\\router\\todo.ts": {"path":"E:\\Andela\\To-Do-API\\src\\router\\todo.ts","statementMap":{"0":{"start":{"line":1,"column":0},"end":{"line":1,"column":30}},"1":{"start":{"line":2,"column":0},"end":{"line":2,"column":111}},"2":{"start":{"line":3,"column":0},"end":{"line":3,"column":71}},"3":{"start":{"line":5,"column":15},"end":{"line":5,"column":31}},"4":{"start":{"line":7,"column":0},"end":{"line":9,"column":5}},"5":{"start":{"line":7,"column":93},"end":{"line":9,"column":4}},"6":{"start":{"line":8,"column":4},"end":{"line":8,"column":62}},"7":{"start":{"line":11,"column":2},"end":{"line":13,"column":5}},"8":{"start":{"line":11,"column":94},"end":{"line":13,"column":4}},"9":{"start":{"line":12,"column":4},"end":{"line":12,"column":60}},"10":{"start":{"line":15,"column":2},"end":{"line":17,"column":5}},"11":{"start":{"line":15,"column":100},"end":{"line":17,"column":4}},"12":{"start":{"line":16,"column":4},"end":{"line":16,"column":62}},"13":{"start":{"line":19,"column":2},"end":{"line":21,"column":5}},"14":{"start":{"line":19,"column":101},"end":{"line":21,"column":4}},"15":{"start":{"line":20,"column":4},"end":{"line":20,"column":62}},"16":{"start":{"line":23,"column":2},"end":{"line":25,"column":5}},"17":{"start":{"line":23,"column":109},"end":{"line":25,"column":4}},"18":{"start":{"line":24,"column":4},"end":{"line":24,"column":67}},"19":{"start":{"line":28,"column":0},"end":{"line":28,"column":22}}},"fnMap":{"0":{"name":"(anonymous_8)","decl":{"start":{"line":7,"column":39},"end":{"line":7,"column":46}},"loc":{"start":{"line":7,"column":93},"end":{"line":9,"column":4}}},"1":{"name":"(anonymous_9)","decl":{"start":{"line":7,"column":93},"end":{"line":7,"column":null}},"loc":{"start":{"line":7,"column":93},"end":{"line":9,"column":3}}},"2":{"name":"(anonymous_10)","decl":{"start":{"line":11,"column":40},"end":{"line":11,"column":47}},"loc":{"start":{"line":11,"column":94},"end":{"line":13,"column":4}}},"3":{"name":"(anonymous_11)","decl":{"start":{"line":11,"column":94},"end":{"line":11,"column":null}},"loc":{"start":{"line":11,"column":94},"end":{"line":13,"column":3}}},"4":{"name":"(anonymous_12)","decl":{"start":{"line":15,"column":46},"end":{"line":15,"column":53}},"loc":{"start":{"line":15,"column":100},"end":{"line":17,"column":4}}},"5":{"name":"(anonymous_13)","decl":{"start":{"line":15,"column":100},"end":{"line":15,"column":null}},"loc":{"start":{"line":15,"column":100},"end":{"line":17,"column":3}}},"6":{"name":"(anonymous_14)","decl":{"start":{"line":19,"column":47},"end":{"line":19,"column":54}},"loc":{"start":{"line":19,"column":101},"end":{"line":21,"column":4}}},"7":{"name":"(anonymous_15)","decl":{"start":{"line":19,"column":101},"end":{"line":19,"column":null}},"loc":{"start":{"line":19,"column":101},"end":{"line":21,"column":3}}},"8":{"name":"(anonymous_16)","decl":{"start":{"line":23,"column":55},"end":{"line":23,"column":62}},"loc":{"start":{"line":23,"column":109},"end":{"line":25,"column":4}}},"9":{"name":"(anonymous_17)","decl":{"start":{"line":23,"column":109},"end":{"line":23,"column":null}},"loc":{"start":{"line":23,"column":109},"end":{"line":25,"column":3}}}},"branchMap":{},"s":{"0":1,"1":1,"2":1,"3":1,"4":1,"5":0,"6":0,"7":1,"8":0,"9":0,"10":1,"11":0,"12":0,"13":1,"14":0,"15":0,"16":1,"17":0,"18":0,"19":1},"f":{"0":0,"1":0,"2":0,"3":0,"4":0,"5":0,"6":0,"7":0,"8":0,"9":0},"b":{}}
,"E:\\Andela\\To-Do-API\\src\\router\\users.ts": {"path":"E:\\Andela\\To-Do-API\\src\\router\\users.ts","statementMap":{"0":{"start":{"line":2,"column":0},"end":{"line":2,"column":75}},"1":{"start":{"line":3,"column":0},"end":{"line":3,"column":58}},"2":{"start":{"line":5,"column":0},"end":{"line":9,"column":2}},"3":{"start":{"line":6,"column":2},"end":{"line":6,"column":53}},"4":{"start":{"line":7,"column":2},"end":{"line":7,"column":68}},"5":{"start":{"line":8,"column":2},"end":{"line":8,"column":67}}},"fnMap":{"0":{"name":"(anonymous_0)","decl":{"start":{"line":5,"column":15},"end":{"line":5,"column":16}},"loc":{"start":{"line":5,"column":42},"end":{"line":9,"column":1}}}},"branchMap":{},"s":{"0":1,"1":1,"2":1,"3":3,"4":3,"5":0},"f":{"0":3},"b":{}}
}
